<?xml version="1.0" encoding="UTF-8"?>
<!-- Generated by org.testng.reporters.JUnitReportReporter -->
<testsuite hostname="DESKTOP-2JU2A1F" failures="0" tests="13" name="KION.NewTest" time="29.313" errors="1" timestamp="2023-08-23T14:51:55 IST" skipped="11">
  <testcase classname="KION.NewTest" name="login" time="29.309"/>
  <system-out/>
  <testcase classname="KION.NewTest" name="TruckSales" time="0.004">
    <error message="Compound class names not permitted
For documentation on this error, please visit: https://www.selenium.dev/documentation/webdriver/troubleshooting/errors#invalid-selector-exception
Build info: version: &#039;4.10.0&#039;, revision: &#039;c14d967899&#039;
System info: os.name: &#039;Windows 10&#039;, os.arch: &#039;amd64&#039;, os.version: &#039;10.0&#039;, java.version: &#039;20.0.1&#039;
Driver info: driver.version: unknown" type="org.openqa.selenium.InvalidSelectorException">
      <![CDATA[org.openqa.selenium.InvalidSelectorException: Compound class names not permitted
For documentation on this error, please visit: https://www.selenium.dev/documentation/webdriver/troubleshooting/errors#invalid-selector-exception
Build info: version: '4.10.0', revision: 'c14d967899'
System info: os.name: 'Windows 10', os.arch: 'amd64', os.version: '10.0', java.version: '20.0.1'
Driver info: driver.version: unknown
at org.openqa.selenium.By$ByClassName.<init>(By.java:308)
at org.openqa.selenium.By.className(By.java:99)
at KION.NewTest.TruckSales(NewTest.java:355)
at java.base/jdk.internal.reflect.DirectMethodHandleAccessor.invoke(DirectMethodHandleAccessor.java:104)
at java.base/java.lang.reflect.Method.invoke(Method.java:578)
at org.testng.internal.invokers.MethodInvocationHelper.invokeMethod(MethodInvocationHelper.java:139)
at org.testng.internal.invokers.TestInvoker.invokeMethod(TestInvoker.java:677)
at org.testng.internal.invokers.TestInvoker.invokeTestMethod(TestInvoker.java:221)
at org.testng.internal.invokers.MethodRunner.runInSequence(MethodRunner.java:50)
at org.testng.internal.invokers.TestInvoker$MethodInvocationAgent.invoke(TestInvoker.java:962)
at org.testng.internal.invokers.TestInvoker.invokeTestMethods(TestInvoker.java:194)
at org.testng.internal.invokers.TestMethodWorker.invokeTestMethods(TestMethodWorker.java:148)
at org.testng.internal.invokers.TestMethodWorker.run(TestMethodWorker.java:128)
at java.base/java.util.ArrayList.forEach(ArrayList.java:1511)
at org.testng.TestRunner.privateRun(TestRunner.java:806)
at org.testng.TestRunner.run(TestRunner.java:601)
at org.testng.SuiteRunner.runTest(SuiteRunner.java:433)
at org.testng.SuiteRunner.runSequentially(SuiteRunner.java:427)
at org.testng.SuiteRunner.privateRun(SuiteRunner.java:387)
at org.testng.SuiteRunner.run(SuiteRunner.java:330)
at org.testng.SuiteRunnerWorker.runSuite(SuiteRunnerWorker.java:52)
at org.testng.SuiteRunnerWorker.run(SuiteRunnerWorker.java:95)
at org.testng.TestNG.runSuitesSequentially(TestNG.java:1256)
at org.testng.TestNG.runSuitesLocally(TestNG.java:1176)
at org.testng.TestNG.runSuites(TestNG.java:1099)
at org.testng.TestNG.run(TestNG.java:1067)
at org.testng.remote.AbstractRemoteTestNG.run(AbstractRemoteTestNG.java:115)
at org.testng.remote.RemoteTestNG.initAndRun(RemoteTestNG.java:251)
at org.testng.remote.RemoteTestNG.main(RemoteTestNG.java:77)
]]>
    </error>
  </testcase> <!-- TruckSales -->
  <system-out/>
  <testcase classname="KION.NewTest" name="Saved_StockOrder">
    <skipped/>
  </testcase> <!-- Saved_StockOrder -->
  <system-out/>
  <testcase classname="KION.NewTest" name="ICM">
    <skipped/>
  </testcase> <!-- ICM -->
  <system-out/>
  <testcase classname="KION.NewTest" name="Search">
    <skipped/>
  </testcase> <!-- Search -->
  <system-out/>
  <testcase classname="KION.NewTest" name="Compare">
    <skipped/>
  </testcase> <!-- Compare -->
  <system-out/>
  <testcase classname="KION.NewTest" name="PDP">
    <skipped/>
  </testcase> <!-- PDP -->
  <system-out/>
  <testcase classname="KION.NewTest" name="CLP_PLP">
    <skipped/>
  </testcase> <!-- CLP_PLP -->
  <system-out/>
  <testcase classname="KION.NewTest" name="Saved_EmergencyOrder">
    <skipped/>
  </testcase> <!-- Saved_EmergencyOrder -->
  <system-out/>
  <testcase classname="KION.NewTest" name="StockOrder">
    <skipped/>
  </testcase> <!-- StockOrder -->
  <system-out/>
  <testcase classname="KION.NewTest" name="Returns">
    <skipped/>
  </testcase> <!-- Returns -->
  <system-out/>
  <testcase classname="KION.NewTest" name="EmergencyOrder">
    <skipped/>
  </testcase> <!-- EmergencyOrder -->
  <system-out/>
  <testcase classname="KION.NewTest" name="OrderTemplate">
    <skipped/>
  </testcase> <!-- OrderTemplate -->
  <system-out/>
</testsuite> <!-- KION.NewTest -->
